Mar 21, 2013 1:56:47 PM org.apache.solr.core.SolrResourceLoader locateSolrHome
INFO: JNDI not configured for solr (NoInitialContextEx)
Mar 21, 2013 1:56:47 PM org.apache.solr.core.SolrResourceLoader locateSolrHome
INFO: using system property solr.solr.home: /home/sean/Workspace/Rails/bookface/solr
Mar 21, 2013 1:56:47 PM org.apache.solr.core.SolrResourceLoader <init>
INFO: Solr home set to '/home/sean/Workspace/Rails/bookface/solr/'
Mar 21, 2013 1:56:47 PM org.apache.solr.servlet.SolrDispatchFilter init
INFO: SolrDispatchFilter.init()
Mar 21, 2013 1:56:47 PM org.apache.solr.core.SolrResourceLoader locateSolrHome
INFO: JNDI not configured for solr (NoInitialContextEx)
Mar 21, 2013 1:56:47 PM org.apache.solr.core.SolrResourceLoader locateSolrHome
INFO: using system property solr.solr.home: /home/sean/Workspace/Rails/bookface/solr
Mar 21, 2013 1:56:47 PM org.apache.solr.core.CoreContainer$Initializer initialize
INFO: looking for solr.xml: /home/sean/Workspace/Rails/bookface/solr/solr.xml
Mar 21, 2013 1:56:47 PM org.apache.solr.core.SolrResourceLoader locateSolrHome
INFO: JNDI not configured for solr (NoInitialContextEx)
Mar 21, 2013 1:56:47 PM org.apache.solr.core.SolrResourceLoader locateSolrHome
INFO: using system property solr.solr.home: /home/sean/Workspace/Rails/bookface/solr
Mar 21, 2013 1:56:47 PM org.apache.solr.core.CoreContainer <init>
INFO: New CoreContainer: solrHome=/home/sean/Workspace/Rails/bookface/solr/ instance=283459278
Mar 21, 2013 1:56:47 PM org.apache.solr.core.SolrResourceLoader <init>
INFO: Solr home set to '/home/sean/Workspace/Rails/bookface/solr/'
Mar 21, 2013 1:56:47 PM org.apache.solr.core.SolrResourceLoader <init>
INFO: Solr home set to '/home/sean/Workspace/Rails/bookface/solr/./'
Mar 21, 2013 1:56:47 PM org.apache.solr.core.SolrConfig initLibs
INFO: Adding specified lib dirs to ClassLoader
Mar 21, 2013 1:56:47 PM org.apache.solr.core.Config getLuceneVersion
WARNING: the luceneMatchVersion is not specified, defaulting to LUCENE_24 emulation. You should at some point declare and reindex to at least 3.0, because 2.4 emulation is deprecated and will be removed in 4.0. This parameter will be mandatory in 4.0.
Mar 21, 2013 1:56:48 PM org.apache.solr.core.SolrConfig <init>
INFO: Using Lucene MatchVersion: LUCENE_24
Mar 21, 2013 1:56:48 PM org.apache.solr.core.SolrConfig <init>
WARNING: Deprecated syntax found. <highlighting/> should move to <searchComponent/>
Mar 21, 2013 1:56:48 PM org.apache.solr.core.SolrConfig <init>
INFO: Loaded SolrConfig: solrconfig.xml
Mar 21, 2013 1:56:48 PM org.apache.solr.schema.IndexSchema readSchema
INFO: Reading Solr Schema
Mar 21, 2013 1:56:49 PM org.apache.solr.schema.IndexSchema readSchema
INFO: Schema name=sunspot
Mar 21, 2013 1:56:49 PM org.apache.solr.util.plugin.AbstractPluginLoader load
INFO: created string: org.apache.solr.schema.StrField
Mar 21, 2013 1:56:49 PM org.apache.solr.util.plugin.AbstractPluginLoader load
INFO: created tdouble: org.apache.solr.schema.TrieDoubleField
Mar 21, 2013 1:56:49 PM org.apache.solr.util.plugin.AbstractPluginLoader load
INFO: created rand: org.apache.solr.schema.RandomSortField
Mar 21, 2013 1:56:49 PM org.apache.solr.util.plugin.AbstractPluginLoader load
INFO: created : org.apache.solr.analysis.StandardTokenizerFactory
Mar 21, 2013 1:56:49 PM org.apache.solr.analysis.BaseTokenStreamFactory assureMatchVersion
WARNING: StandardTokenizerFactory is using deprecated LUCENE_24 emulation. You should at some point declare and reindex to at least 3.0, because 2.x emulation is deprecated and will be removed in 4.0
Mar 21, 2013 1:56:49 PM org.apache.solr.util.plugin.AbstractPluginLoader load
INFO: created : org.apache.solr.analysis.StandardFilterFactory
Mar 21, 2013 1:56:49 PM org.apache.solr.analysis.BaseTokenStreamFactory assureMatchVersion
WARNING: StandardFilterFactory is using deprecated LUCENE_24 emulation. You should at some point declare and reindex to at least 3.0, because 2.x emulation is deprecated and will be removed in 4.0
Mar 21, 2013 1:56:49 PM org.apache.solr.util.plugin.AbstractPluginLoader load
INFO: created : org.apache.solr.analysis.LowerCaseFilterFactory
Mar 21, 2013 1:56:49 PM org.apache.solr.analysis.BaseTokenStreamFactory assureMatchVersion
WARNING: LowerCaseFilterFactory is using deprecated LUCENE_24 emulation. You should at some point declare and reindex to at least 3.0, because 2.x emulation is deprecated and will be removed in 4.0
Mar 21, 2013 1:56:49 PM org.apache.solr.util.plugin.AbstractPluginLoader load
INFO: created : org.apache.solr.analysis.PorterStemFilterFactory
Mar 21, 2013 1:56:49 PM org.apache.solr.util.plugin.AbstractPluginLoader load
INFO: created text: org.apache.solr.schema.TextField
Mar 21, 2013 1:56:49 PM org.apache.solr.util.plugin.AbstractPluginLoader load
INFO: created boolean: org.apache.solr.schema.BoolField
Mar 21, 2013 1:56:49 PM org.apache.solr.util.plugin.AbstractPluginLoader load
INFO: created date: org.apache.solr.schema.DateField
Mar 21, 2013 1:56:49 PM org.apache.solr.util.plugin.AbstractPluginLoader load
INFO: created sdouble: org.apache.solr.schema.SortableDoubleField
Mar 21, 2013 1:56:49 PM org.apache.solr.util.plugin.AbstractPluginLoader load
INFO: created sfloat: org.apache.solr.schema.SortableFloatField
Mar 21, 2013 1:56:49 PM org.apache.solr.util.plugin.AbstractPluginLoader load
INFO: created sint: org.apache.solr.schema.SortableIntField
Mar 21, 2013 1:56:49 PM org.apache.solr.util.plugin.AbstractPluginLoader load
INFO: created slong: org.apache.solr.schema.SortableLongField
Mar 21, 2013 1:56:49 PM org.apache.solr.util.plugin.AbstractPluginLoader load
INFO: created tint: org.apache.solr.schema.TrieIntField
Mar 21, 2013 1:56:49 PM org.apache.solr.util.plugin.AbstractPluginLoader load
INFO: created tfloat: org.apache.solr.schema.TrieFloatField
Mar 21, 2013 1:56:49 PM org.apache.solr.util.plugin.AbstractPluginLoader load
INFO: created tdate: org.apache.solr.schema.TrieDateField
Mar 21, 2013 1:56:49 PM org.apache.solr.util.plugin.AbstractPluginLoader load
INFO: created location: org.apache.solr.schema.LatLonType
Mar 21, 2013 1:56:49 PM org.apache.solr.schema.IndexSchema readSchema
INFO: default search field is text
Mar 21, 2013 1:56:49 PM org.apache.solr.schema.IndexSchema readSchema
INFO: query parser default operator is AND
Mar 21, 2013 1:56:49 PM org.apache.solr.schema.IndexSchema readSchema
INFO: unique key field: id
Mar 21, 2013 1:56:50 PM org.apache.solr.core.SolrCore <init>
INFO: [] Opening new SolrCore at /home/sean/Workspace/Rails/bookface/solr/./, dataDir=/home/sean/Workspace/Rails/bookface/solr/data/development/
Mar 21, 2013 1:56:50 PM org.apache.solr.core.JmxMonitoredMap <init>
INFO: No JMX servers found, not exposing Solr information with JMX.
Mar 21, 2013 1:56:50 PM org.apache.solr.core.SolrCore initListeners
INFO: [] Added SolrEventListener for newSearcher: org.apache.solr.core.QuerySenderListener{queries=[]}
Mar 21, 2013 1:56:50 PM org.apache.solr.core.SolrCore initListeners
INFO: [] Added SolrEventListener for firstSearcher: org.apache.solr.core.QuerySenderListener{queries=[{q=solr rocks,start=0,rows=10}, {q=static firstSearcher warming query from solrconfig.xml}]}
Mar 21, 2013 1:56:50 PM org.apache.solr.core.SolrCore initIndex
WARNING: [] Solr index directory '/home/sean/Workspace/Rails/bookface/solr/data/development/index' doesn't exist. Creating new index...
Mar 21, 2013 1:56:50 PM org.apache.solr.core.SolrDeletionPolicy onCommit
INFO: SolrDeletionPolicy.onCommit: commits:num=1
	commit{dir=/home/sean/Workspace/Rails/bookface/solr/data/development/index,segFN=segments_1,version=1363892210416,generation=1,filenames=[segments_1]
Mar 21, 2013 1:56:50 PM org.apache.solr.core.SolrDeletionPolicy updateCommits
INFO: newest commit = 1363892210416
Mar 21, 2013 1:56:50 PM org.apache.solr.request.XSLTResponseWriter <init>
WARNING: org.apache.solr.request.XSLTResponseWriter is deprecated. Please use the corresponding class in org.apache.solr.response
Mar 21, 2013 1:56:50 PM org.apache.solr.response.XSLTResponseWriter init
INFO: xsltCacheLifetimeSeconds=5
Mar 21, 2013 1:56:50 PM org.apache.solr.core.RequestHandlers initHandlersFromConfig
INFO: created standard: solr.SearchHandler
Mar 21, 2013 1:56:50 PM org.apache.solr.core.RequestHandlers initHandlersFromConfig
INFO: created dismax: solr.SearchHandler
Mar 21, 2013 1:56:50 PM org.apache.solr.core.RequestHandlers initHandlersFromConfig
INFO: created partitioned: solr.SearchHandler
Mar 21, 2013 1:56:50 PM org.apache.solr.core.RequestHandlers initHandlersFromConfig
INFO: created /spell: solr.SearchHandler
Mar 21, 2013 1:56:50 PM org.apache.solr.core.RequestHandlers initHandlersFromConfig
INFO: created tvrh: org.apache.solr.handler.component.SearchHandler
Mar 21, 2013 1:56:50 PM org.apache.solr.core.RequestHandlers initHandlersFromConfig
INFO: adding lazy requestHandler: org.apache.solr.handler.extraction.ExtractingRequestHandler
Mar 21, 2013 1:56:50 PM org.apache.solr.core.RequestHandlers initHandlersFromConfig
INFO: created /update/extract: org.apache.solr.handler.extraction.ExtractingRequestHandler
Mar 21, 2013 1:56:50 PM org.apache.solr.core.RequestHandlers initHandlersFromConfig
INFO: created /terms: org.apache.solr.handler.component.SearchHandler
Mar 21, 2013 1:56:50 PM org.apache.solr.core.RequestHandlers initHandlersFromConfig
INFO: adding lazy requestHandler: solr.SearchHandler
Mar 21, 2013 1:56:50 PM org.apache.solr.core.RequestHandlers initHandlersFromConfig
INFO: created /elevate: solr.SearchHandler
Mar 21, 2013 1:56:51 PM org.apache.solr.core.RequestHandlers initHandlersFromConfig
INFO: created /update: solr.XmlUpdateRequestHandler
Mar 21, 2013 1:56:51 PM org.apache.solr.core.RequestHandlers initHandlersFromConfig
INFO: created /update/javabin: solr.BinaryUpdateRequestHandler
Mar 21, 2013 1:56:51 PM org.apache.solr.core.RequestHandlers initHandlersFromConfig
INFO: created /analysis/document: solr.DocumentAnalysisRequestHandler
Mar 21, 2013 1:56:51 PM org.apache.solr.core.RequestHandlers initHandlersFromConfig
INFO: created /analysis/field: solr.FieldAnalysisRequestHandler
Mar 21, 2013 1:56:51 PM org.apache.solr.core.RequestHandlers initHandlersFromConfig
INFO: adding lazy requestHandler: solr.CSVRequestHandler
Mar 21, 2013 1:56:51 PM org.apache.solr.core.RequestHandlers initHandlersFromConfig
INFO: created /update/csv: solr.CSVRequestHandler
Mar 21, 2013 1:56:51 PM org.apache.solr.core.RequestHandlers initHandlersFromConfig
INFO: created /admin/: org.apache.solr.handler.admin.AdminHandlers
Mar 21, 2013 1:56:51 PM org.apache.solr.core.RequestHandlers initHandlersFromConfig
INFO: created /admin/ping: PingRequestHandler
Mar 21, 2013 1:56:51 PM org.apache.solr.core.RequestHandlers initHandlersFromConfig
INFO: created /debug/dump: solr.DumpRequestHandler
Mar 21, 2013 1:56:51 PM org.apache.solr.core.RequestHandlers initHandlersFromConfig
INFO: created /mlt: solr.MoreLikeThisHandler
Mar 21, 2013 1:56:51 PM org.apache.solr.search.SolrIndexSearcher <init>
INFO: Opening Searcher@42432e68 main
Mar 21, 2013 1:56:51 PM org.apache.solr.update.CommitTracker <init>
INFO: commitTracker AutoCommit: disabled
Mar 21, 2013 1:56:51 PM org.apache.solr.handler.component.SpellCheckComponent inform
INFO: Initializing spell checkers
Mar 21, 2013 1:56:51 PM org.apache.solr.handler.component.SpellCheckComponent inform
WARNING: No queryConverter defined, using default converter
Mar 21, 2013 1:56:51 PM org.apache.solr.handler.component.QueryElevationComponent inform
INFO: Loading QueryElevation from: /home/sean/Workspace/Rails/bookface/solr/./conf/elevate.xml
Mar 21, 2013 1:56:51 PM org.apache.solr.handler.component.SearchHandler inform
INFO: Adding  component:org.apache.solr.handler.component.QueryComponent@3de53889
Mar 21, 2013 1:56:51 PM org.apache.solr.handler.component.SearchHandler inform
INFO: Adding  component:org.apache.solr.handler.component.FacetComponent@13e2ca1e
Mar 21, 2013 1:56:51 PM org.apache.solr.handler.component.SearchHandler inform
INFO: Adding  component:org.apache.solr.handler.component.MoreLikeThisComponent@e4381c5
Mar 21, 2013 1:56:51 PM org.apache.solr.handler.component.SearchHandler inform
INFO: Adding  component:org.apache.solr.handler.component.HighlightComponent@71fcb3d3
Mar 21, 2013 1:56:51 PM org.apache.solr.handler.component.SearchHandler inform
INFO: Adding  component:org.apache.solr.handler.component.StatsComponent@5821c1c
Mar 21, 2013 1:56:51 PM org.apache.solr.handler.component.SearchHandler inform
INFO: Adding  debug component:org.apache.solr.handler.component.DebugComponent@21037517
Mar 21, 2013 1:56:51 PM org.apache.solr.handler.component.SearchHandler inform
INFO: Adding  component:org.apache.solr.handler.component.QueryComponent@3de53889
Mar 21, 2013 1:56:51 PM org.apache.solr.handler.component.SearchHandler inform
INFO: Adding  component:org.apache.solr.handler.component.FacetComponent@13e2ca1e
Mar 21, 2013 1:56:51 PM org.apache.solr.handler.component.SearchHandler inform
INFO: Adding  component:org.apache.solr.handler.component.MoreLikeThisComponent@e4381c5
Mar 21, 2013 1:56:51 PM org.apache.solr.handler.component.SearchHandler inform
INFO: Adding  component:org.apache.solr.handler.component.HighlightComponent@71fcb3d3
Mar 21, 2013 1:56:51 PM org.apache.solr.handler.component.SearchHandler inform
INFO: Adding  component:org.apache.solr.handler.component.StatsComponent@5821c1c
Mar 21, 2013 1:56:51 PM org.apache.solr.handler.component.SearchHandler inform
INFO: Adding  debug component:org.apache.solr.handler.component.DebugComponent@21037517
Mar 21, 2013 1:56:51 PM org.apache.solr.handler.component.SearchHandler inform
INFO: Adding  component:org.apache.solr.handler.component.QueryComponent@3de53889
Mar 21, 2013 1:56:51 PM org.apache.solr.handler.component.SearchHandler inform
INFO: Adding  component:org.apache.solr.handler.component.FacetComponent@13e2ca1e
Mar 21, 2013 1:56:51 PM org.apache.solr.handler.component.SearchHandler inform
INFO: Adding  component:org.apache.solr.handler.component.MoreLikeThisComponent@e4381c5
Mar 21, 2013 1:56:51 PM org.apache.solr.handler.component.SearchHandler inform
INFO: Adding  component:org.apache.solr.handler.component.HighlightComponent@71fcb3d3
Mar 21, 2013 1:56:51 PM org.apache.solr.handler.component.SearchHandler inform
INFO: Adding  component:org.apache.solr.handler.component.StatsComponent@5821c1c
Mar 21, 2013 1:56:51 PM org.apache.solr.handler.component.SearchHandler inform
INFO: Adding  debug component:org.apache.solr.handler.component.DebugComponent@21037517
Mar 21, 2013 1:56:51 PM org.apache.solr.handler.component.SearchHandler inform
INFO: Adding  component:org.apache.solr.handler.component.QueryComponent@3de53889
Mar 21, 2013 1:56:51 PM org.apache.solr.handler.component.SearchHandler inform
INFO: Adding  component:org.apache.solr.handler.component.FacetComponent@13e2ca1e
Mar 21, 2013 1:56:51 PM org.apache.solr.handler.component.SearchHandler inform
INFO: Adding  component:org.apache.solr.handler.component.MoreLikeThisComponent@e4381c5
Mar 21, 2013 1:56:51 PM org.apache.solr.handler.component.SearchHandler inform
INFO: Adding  component:org.apache.solr.handler.component.HighlightComponent@71fcb3d3
Mar 21, 2013 1:56:51 PM org.apache.solr.handler.component.SearchHandler inform
INFO: Adding  component:org.apache.solr.handler.component.StatsComponent@5821c1c
Mar 21, 2013 1:56:51 PM org.apache.solr.handler.component.SearchHandler inform
INFO: Adding  component:org.apache.solr.handler.component.SpellCheckComponent@69fc49ef
Mar 21, 2013 1:56:51 PM org.apache.solr.handler.component.SearchHandler inform
INFO: Adding  debug component:org.apache.solr.handler.component.DebugComponent@21037517
Mar 21, 2013 1:56:51 PM org.apache.solr.handler.component.SearchHandler inform
INFO: Adding  component:org.apache.solr.handler.component.QueryComponent@3de53889
Mar 21, 2013 1:56:51 PM org.apache.solr.handler.component.SearchHandler inform
INFO: Adding  component:org.apache.solr.handler.component.FacetComponent@13e2ca1e
Mar 21, 2013 1:56:51 PM org.apache.solr.handler.component.SearchHandler inform
INFO: Adding  component:org.apache.solr.handler.component.MoreLikeThisComponent@e4381c5
Mar 21, 2013 1:56:51 PM org.apache.solr.handler.component.SearchHandler inform
INFO: Adding  component:org.apache.solr.handler.component.HighlightComponent@71fcb3d3
Mar 21, 2013 1:56:51 PM org.apache.solr.handler.component.SearchHandler inform
INFO: Adding  component:org.apache.solr.handler.component.StatsComponent@5821c1c
Mar 21, 2013 1:56:51 PM org.apache.solr.handler.component.SearchHandler inform
INFO: Adding  component:org.apache.solr.handler.component.TermVectorComponent@325a2045
Mar 21, 2013 1:56:51 PM org.apache.solr.handler.component.SearchHandler inform
INFO: Adding  debug component:org.apache.solr.handler.component.DebugComponent@21037517
Mar 21, 2013 1:56:51 PM org.apache.solr.handler.component.SearchHandler inform
INFO: Adding  component:org.apache.solr.handler.component.TermsComponent@3afcabd6
Mar 21, 2013 1:56:51 PM org.apache.solr.core.QuerySenderListener newSearcher
INFO: QuerySenderListener sending requests to Searcher@42432e68 main
Mar 21, 2013 1:56:51 PM org.apache.solr.core.CoreContainer register
INFO: registering core: 
Mar 21, 2013 1:56:51 PM org.apache.solr.servlet.SolrDispatchFilter init
INFO: user.dir=/home/sean/.rvm/gems/ruby-1.9.3-p194/gems/sunspot_solr-2.0.0/solr
Mar 21, 2013 1:56:51 PM org.apache.solr.servlet.SolrDispatchFilter init
INFO: SolrDispatchFilter.init() done
Mar 21, 2013 1:56:52 PM org.apache.solr.core.SolrCore execute
INFO: [] webapp=null path=null params={start=0&event=firstSearcher&q=solr+rocks&rows=10} hits=0 status=0 QTime=261 
Mar 21, 2013 1:56:52 PM org.apache.solr.core.SolrCore execute
INFO: [] webapp=null path=null params={event=firstSearcher&q=static+firstSearcher+warming+query+from+solrconfig.xml} hits=0 status=0 QTime=3 
Mar 21, 2013 1:56:52 PM org.apache.solr.core.QuerySenderListener newSearcher
INFO: QuerySenderListener done.
Mar 21, 2013 1:56:52 PM org.apache.solr.handler.component.SpellCheckComponent$SpellCheckerListener newSearcher
INFO: Loading spell index for spellchecker: default
Mar 21, 2013 1:56:52 PM org.apache.solr.core.SolrCore registerSearcher
INFO: [] Registered new searcher Searcher@42432e68 main
Mar 21, 2013 1:56:52 PM org.apache.solr.servlet.SolrServlet init
INFO: SolrServlet.init()
Mar 21, 2013 1:56:52 PM org.apache.solr.core.SolrResourceLoader locateSolrHome
INFO: JNDI not configured for solr (NoInitialContextEx)
Mar 21, 2013 1:56:52 PM org.apache.solr.core.SolrResourceLoader locateSolrHome
INFO: using system property solr.solr.home: /home/sean/Workspace/Rails/bookface/solr
Mar 21, 2013 1:56:52 PM org.apache.solr.servlet.SolrServlet init
INFO: SolrServlet.init() done
Mar 21, 2013 1:56:52 PM org.apache.solr.core.SolrResourceLoader locateSolrHome
INFO: JNDI not configured for solr (NoInitialContextEx)
Mar 21, 2013 1:56:52 PM org.apache.solr.core.SolrResourceLoader locateSolrHome
INFO: using system property solr.solr.home: /home/sean/Workspace/Rails/bookface/solr
Mar 21, 2013 1:56:52 PM org.apache.solr.servlet.SolrUpdateServlet init
INFO: SolrUpdateServlet.init() done
Mar 21, 2013 1:59:09 PM org.apache.solr.core.SolrDeletionPolicy onInit
INFO: SolrDeletionPolicy.onInit: commits:num=1
	commit{dir=/home/sean/Workspace/Rails/bookface/solr/data/development/index,segFN=segments_1,version=1363892210416,generation=1,filenames=[segments_1]
Mar 21, 2013 1:59:09 PM org.apache.solr.core.SolrDeletionPolicy updateCommits
INFO: newest commit = 1363892210416
Mar 21, 2013 1:59:09 PM org.apache.solr.update.processor.LogUpdateProcessor finish
INFO: {deleteByQuery=type:Book} 0 173
Mar 21, 2013 1:59:09 PM org.apache.solr.core.SolrCore execute
INFO: [] webapp=/solr path=/update params={wt=ruby} status=0 QTime=173 
Mar 21, 2013 1:59:10 PM org.apache.solr.update.processor.LogUpdateProcessor finish
INFO: {add=[Book 1, Book 2, Book 3, Book 5, Book 6, Book 7, Book 9, Book 11, ... (9 adds)]} 0 174
Mar 21, 2013 1:59:10 PM org.apache.solr.core.SolrCore execute
INFO: [] webapp=/solr path=/update params={wt=ruby} status=0 QTime=174 
Mar 21, 2013 1:59:10 PM org.apache.solr.update.DirectUpdateHandler2 commit
INFO: start commit(optimize=false,waitFlush=false,waitSearcher=true,expungeDeletes=false)
Mar 21, 2013 1:59:11 PM org.apache.solr.core.SolrDeletionPolicy onCommit
INFO: SolrDeletionPolicy.onCommit: commits:num=2
	commit{dir=/home/sean/Workspace/Rails/bookface/solr/data/development/index,segFN=segments_1,version=1363892210416,generation=1,filenames=[segments_1]
	commit{dir=/home/sean/Workspace/Rails/bookface/solr/data/development/index,segFN=segments_2,version=1363892210418,generation=2,filenames=[_0.tis, _0.nrm, _0.fnm, _0.tii, _0.frq, segments_2, _0.fdx, _0.prx, _0.fdt]
Mar 21, 2013 1:59:11 PM org.apache.solr.core.SolrDeletionPolicy updateCommits
INFO: newest commit = 1363892210418
Mar 21, 2013 1:59:11 PM org.apache.solr.search.SolrIndexSearcher <init>
INFO: Opening Searcher@4754aa5a main
Mar 21, 2013 1:59:11 PM org.apache.solr.update.DirectUpdateHandler2 commit
INFO: end_commit_flush
Mar 21, 2013 1:59:11 PM org.apache.solr.search.SolrIndexSearcher warm
INFO: autowarming Searcher@4754aa5a main from Searcher@42432e68 main
	fieldValueCache{lookups=0,hits=0,hitratio=0.00,inserts=0,evictions=0,size=0,warmupTime=0,cumulative_lookups=0,cumulative_hits=0,cumulative_hitratio=0.00,cumulative_inserts=0,cumulative_evictions=0}
Mar 21, 2013 1:59:11 PM org.apache.solr.search.SolrIndexSearcher warm
INFO: autowarming result for Searcher@4754aa5a main
	fieldValueCache{lookups=0,hits=0,hitratio=0.00,inserts=0,evictions=0,size=0,warmupTime=0,cumulative_lookups=0,cumulative_hits=0,cumulative_hitratio=0.00,cumulative_inserts=0,cumulative_evictions=0}
Mar 21, 2013 1:59:11 PM org.apache.solr.search.SolrIndexSearcher warm
INFO: autowarming Searcher@4754aa5a main from Searcher@42432e68 main
	filterCache{lookups=0,hits=0,hitratio=0.00,inserts=0,evictions=0,size=0,warmupTime=0,cumulative_lookups=0,cumulative_hits=0,cumulative_hitratio=0.00,cumulative_inserts=0,cumulative_evictions=0}
Mar 21, 2013 1:59:11 PM org.apache.solr.search.SolrIndexSearcher warm
INFO: autowarming result for Searcher@4754aa5a main
	filterCache{lookups=0,hits=0,hitratio=0.00,inserts=0,evictions=0,size=0,warmupTime=0,cumulative_lookups=0,cumulative_hits=0,cumulative_hitratio=0.00,cumulative_inserts=0,cumulative_evictions=0}
Mar 21, 2013 1:59:11 PM org.apache.solr.search.SolrIndexSearcher warm
INFO: autowarming Searcher@4754aa5a main from Searcher@42432e68 main
	queryResultCache{lookups=0,hits=0,hitratio=0.00,inserts=2,evictions=0,size=2,warmupTime=0,cumulative_lookups=0,cumulative_hits=0,cumulative_hitratio=0.00,cumulative_inserts=0,cumulative_evictions=0}
Mar 21, 2013 1:59:11 PM org.apache.solr.search.SolrIndexSearcher warm
INFO: autowarming result for Searcher@4754aa5a main
	queryResultCache{lookups=0,hits=0,hitratio=0.00,inserts=0,evictions=0,size=0,warmupTime=0,cumulative_lookups=0,cumulative_hits=0,cumulative_hitratio=0.00,cumulative_inserts=0,cumulative_evictions=0}
Mar 21, 2013 1:59:11 PM org.apache.solr.search.SolrIndexSearcher warm
INFO: autowarming Searcher@4754aa5a main from Searcher@42432e68 main
	documentCache{lookups=0,hits=0,hitratio=0.00,inserts=0,evictions=0,size=0,warmupTime=0,cumulative_lookups=0,cumulative_hits=0,cumulative_hitratio=0.00,cumulative_inserts=0,cumulative_evictions=0}
Mar 21, 2013 1:59:11 PM org.apache.solr.search.SolrIndexSearcher warm
INFO: autowarming result for Searcher@4754aa5a main
	documentCache{lookups=0,hits=0,hitratio=0.00,inserts=0,evictions=0,size=0,warmupTime=0,cumulative_lookups=0,cumulative_hits=0,cumulative_hitratio=0.00,cumulative_inserts=0,cumulative_evictions=0}
Mar 21, 2013 1:59:11 PM org.apache.solr.core.QuerySenderListener newSearcher
INFO: QuerySenderListener sending requests to Searcher@4754aa5a main
Mar 21, 2013 1:59:11 PM org.apache.solr.core.QuerySenderListener newSearcher
INFO: QuerySenderListener done.
Mar 21, 2013 1:59:11 PM org.apache.solr.core.SolrCore registerSearcher
INFO: [] Registered new searcher Searcher@4754aa5a main
Mar 21, 2013 1:59:11 PM org.apache.solr.search.SolrIndexSearcher close
INFO: Closing Searcher@42432e68 main
	fieldValueCache{lookups=0,hits=0,hitratio=0.00,inserts=0,evictions=0,size=0,warmupTime=0,cumulative_lookups=0,cumulative_hits=0,cumulative_hitratio=0.00,cumulative_inserts=0,cumulative_evictions=0}
	filterCache{lookups=0,hits=0,hitratio=0.00,inserts=0,evictions=0,size=0,warmupTime=0,cumulative_lookups=0,cumulative_hits=0,cumulative_hitratio=0.00,cumulative_inserts=0,cumulative_evictions=0}
	queryResultCache{lookups=0,hits=0,hitratio=0.00,inserts=2,evictions=0,size=2,warmupTime=0,cumulative_lookups=0,cumulative_hits=0,cumulative_hitratio=0.00,cumulative_inserts=0,cumulative_evictions=0}
	documentCache{lookups=0,hits=0,hitratio=0.00,inserts=0,evictions=0,size=0,warmupTime=0,cumulative_lookups=0,cumulative_hits=0,cumulative_hitratio=0.00,cumulative_inserts=0,cumulative_evictions=0}
Mar 21, 2013 1:59:11 PM org.apache.solr.update.processor.LogUpdateProcessor finish
INFO: {commit=} 0 637
Mar 21, 2013 1:59:11 PM org.apache.solr.core.SolrCore execute
INFO: [] webapp=/solr path=/update params={wt=ruby} status=0 QTime=637 
Mar 21, 2013 2:07:48 PM org.apache.solr.core.SolrCore execute
INFO: [] webapp=/solr path=/select params={fl=*+score&start=0&q=David+Wong&qf=title_text+tag_list_text+author_text&wt=ruby&fq=type:Book&defType=dismax&rows=30} hits=1 status=0 QTime=41 
Mar 21, 2013 2:07:55 PM org.apache.solr.core.SolrCore execute
INFO: [] webapp=/solr path=/select params={wt=ruby&start=0&fq=type:Book&q=*:*&rows=30} hits=9 status=0 QTime=8 
Mar 21, 2013 2:07:58 PM org.apache.solr.core.SolrCore execute
INFO: [] webapp=/solr path=/select params={wt=ruby&start=0&fq=type:Book&q=*:*&rows=30} hits=9 status=0 QTime=0 
Mar 21, 2013 2:08:09 PM org.apache.solr.core.SolrCore execute
INFO: [] webapp=/solr path=/select params={fl=*+score&start=0&q=Tom+Brokaw&qf=title_text+tag_list_text+author_text&wt=ruby&fq=type:Book&defType=dismax&rows=30} hits=1 status=0 QTime=6 
Mar 21, 2013 2:08:27 PM org.apache.solr.core.SolrCore execute
INFO: [] webapp=/solr path=/select params={fl=*+score&start=0&q=science+fiction&qf=title_text+tag_list_text+author_text&wt=ruby&fq=type:Book&defType=dismax&rows=30} hits=3 status=0 QTime=7 
Mar 21, 2013 2:09:22 PM org.apache.solr.core.SolrCore execute
INFO: [] webapp=/solr path=/select params={wt=ruby&start=0&fq=type:Book&q=*:*&rows=30} hits=9 status=0 QTime=1 
Mar 21, 2013 2:12:38 PM org.apache.solr.core.SolrCore execute
INFO: [] webapp=/solr path=/select params={fl=*+score&start=0&q=Tom&qf=title_text+tag_list_text+author_text&wt=ruby&fq=type:Book&defType=dismax&rows=30} hits=1 status=0 QTime=4 
Mar 21, 2013 2:13:23 PM org.apache.solr.core.SolrCore execute
INFO: [] webapp=/solr path=/select params={wt=ruby&start=0&fq=type:Book&q=*:*&rows=30} hits=9 status=0 QTime=1 
Mar 21, 2013 2:14:10 PM org.apache.solr.core.SolrCore execute
INFO: [] webapp=/solr path=/select params={wt=ruby&start=0&fq=type:Book&q=*:*&rows=30} hits=9 status=0 QTime=2 
Mar 21, 2013 2:23:52 PM org.apache.solr.core.SolrCore execute
INFO: [] webapp=/solr path=/select params={wt=ruby&start=0&fq=type:Book&q=*:*&rows=30} hits=9 status=0 QTime=2 
Mar 21, 2013 2:24:57 PM org.apache.solr.core.SolrCore execute
INFO: [] webapp=/solr path=/select params={wt=ruby&start=0&fq=type:Book&q=*:*&rows=30} hits=9 status=0 QTime=1 
Mar 21, 2013 2:25:42 PM org.apache.solr.core.SolrCore execute
INFO: [] webapp=/solr path=/select params={wt=ruby&start=0&fq=type:Book&q=*:*&rows=30} hits=9 status=0 QTime=2 
Mar 21, 2013 2:25:43 PM org.apache.solr.core.SolrCore execute
INFO: [] webapp=/solr path=/select params={wt=ruby&start=0&fq=type:Book&q=*:*&rows=30} hits=9 status=0 QTime=1 
Mar 21, 2013 2:25:45 PM org.apache.solr.core.SolrCore execute
INFO: [] webapp=/solr path=/select params={wt=ruby&start=0&fq=type:Book&q=*:*&rows=30} hits=9 status=0 QTime=2 
Mar 21, 2013 2:26:10 PM org.apache.solr.core.SolrCore execute
INFO: [] webapp=/solr path=/select params={wt=ruby&start=0&fq=type:Book&q=*:*&rows=30} hits=9 status=0 QTime=0 
Mar 21, 2013 2:26:37 PM org.apache.solr.core.SolrCore execute
INFO: [] webapp=/solr path=/select params={wt=ruby&start=0&fq=type:Book&q=*:*&rows=30} hits=9 status=0 QTime=1 
Mar 21, 2013 2:26:46 PM org.apache.solr.core.SolrCore execute
INFO: [] webapp=/solr path=/select params={wt=ruby&start=0&fq=type:Book&q=*:*&rows=30} hits=9 status=0 QTime=0 
Mar 21, 2013 2:27:00 PM org.apache.solr.core.SolrCore execute
INFO: [] webapp=/solr path=/select params={wt=ruby&start=0&fq=type:Book&q=*:*&rows=30} hits=9 status=0 QTime=1 
Mar 21, 2013 2:27:10 PM org.apache.solr.core.SolrCore execute
INFO: [] webapp=/solr path=/select params={wt=ruby&start=0&fq=type:Book&q=*:*&rows=30} hits=9 status=0 QTime=1 
Mar 21, 2013 2:27:22 PM org.apache.solr.core.SolrCore execute
INFO: [] webapp=/solr path=/select params={wt=ruby&start=0&fq=type:Book&q=*:*&rows=30} hits=9 status=0 QTime=0 
Mar 21, 2013 2:28:39 PM org.apache.solr.core.SolrCore execute
INFO: [] webapp=/solr path=/select params={wt=ruby&start=0&fq=type:Book&q=*:*&rows=30} hits=9 status=0 QTime=1 
Mar 21, 2013 2:28:54 PM org.apache.solr.core.SolrCore execute
INFO: [] webapp=/solr path=/select params={wt=ruby&start=0&fq=type:Book&q=*:*&rows=30} hits=9 status=0 QTime=1 
Mar 21, 2013 2:28:58 PM org.apache.solr.core.SolrCore execute
INFO: [] webapp=/solr path=/select params={fl=*+score&start=0&q=1984&qf=title_text+tag_list_text+author_text&wt=ruby&fq=type:Book&defType=dismax&rows=30} hits=1 status=0 QTime=5 
Mar 21, 2013 2:30:30 PM org.apache.solr.core.SolrCore execute
INFO: [] webapp=/solr path=/select params={wt=ruby&start=0&fq=type:Book&q=*:*&rows=30} hits=9 status=0 QTime=1 
Mar 21, 2013 2:30:38 PM org.apache.solr.core.SolrCore execute
INFO: [] webapp=/solr path=/select params={wt=ruby&start=0&fq=type:Book&q=*:*&rows=30} hits=9 status=0 QTime=1 
Mar 21, 2013 2:30:56 PM org.apache.solr.core.SolrCore execute
INFO: [] webapp=/solr path=/select params={wt=ruby&start=0&fq=type:Book&q=*:*&rows=30} hits=9 status=0 QTime=1 
Mar 21, 2013 2:31:01 PM org.apache.solr.core.SolrCore execute
INFO: [] webapp=/solr path=/select params={fl=*+score&start=0&q=1985&qf=title_text+tag_list_text+author_text&wt=ruby&fq=type:Book&defType=dismax&rows=30} hits=0 status=0 QTime=4 
Mar 21, 2013 2:31:03 PM org.apache.solr.core.SolrCore execute
INFO: [] webapp=/solr path=/select params={fl=*+score&start=0&q=1984&qf=title_text+tag_list_text+author_text&wt=ruby&fq=type:Book&defType=dismax&rows=30} hits=1 status=0 QTime=2 
Mar 21, 2013 2:31:07 PM org.apache.solr.core.SolrCore execute
INFO: [] webapp=/solr path=/select params={fl=*+score&start=0&q=George+Orwell&qf=title_text+tag_list_text+author_text&wt=ruby&fq=type:Book&defType=dismax&rows=30} hits=1 status=0 QTime=18 
Mar 21, 2013 2:31:13 PM org.apache.solr.core.SolrCore execute
INFO: [] webapp=/solr path=/select params={fl=*+score&start=0&q=The&qf=title_text+tag_list_text+author_text&wt=ruby&fq=type:Book&defType=dismax&rows=30} hits=4 status=0 QTime=13 
Mar 21, 2013 2:31:23 PM org.apache.solr.core.SolrCore execute
INFO: [] webapp=/solr path=/select params={wt=ruby&start=0&fq=type:Book&q=*:*&rows=30} hits=9 status=0 QTime=1 
Mar 21, 2013 2:32:48 PM org.apache.solr.core.SolrCore execute
INFO: [] webapp=/solr path=/select params={wt=ruby&start=0&fq=type:Book&q=*:*&rows=30} hits=9 status=0 QTime=2 
Mar 21, 2013 2:32:57 PM org.apache.solr.core.SolrCore execute
INFO: [] webapp=/solr path=/select params={wt=ruby&start=0&fq=type:Book&q=*:*&rows=30} hits=9 status=0 QTime=1 
Mar 21, 2013 2:56:07 PM org.apache.solr.core.SolrCore execute
INFO: [] webapp=/solr path=/select params={fl=*+score&start=0&q=1984&qf=title_text+tag_list_text+author_text&wt=ruby&fq=type:Book&defType=dismax&rows=30} hits=1 status=0 QTime=1 
Mar 21, 2013 2:58:10 PM org.apache.solr.core.SolrCore execute
INFO: [] webapp=/solr path=/select params={fl=*+score&start=0&q=science+fiction,+george+orwell&qf=title_text+tag_list_text+author_text&wt=ruby&fq=type:Book&defType=dismax&rows=30} hits=0 status=0 QTime=8 
Mar 21, 2013 2:58:18 PM org.apache.solr.core.SolrCore execute
INFO: [] webapp=/solr path=/select params={fl=*+score&start=0&q=science+fiction+george+orwell&qf=title_text+tag_list_text+author_text&wt=ruby&fq=type:Book&defType=dismax&rows=30} hits=0 status=0 QTime=4 
Mar 21, 2013 2:58:24 PM org.apache.solr.core.SolrCore execute
INFO: [] webapp=/solr path=/select params={fl=*+score&start=0&q=science+fiction&qf=title_text+tag_list_text+author_text&wt=ruby&fq=type:Book&defType=dismax&rows=30} hits=3 status=0 QTime=3 
Mar 21, 2013 3:09:11 PM org.apache.solr.core.SolrCore execute
INFO: [] webapp=/solr path=/select params={fl=*+score&start=0&q=science+fiction+%2B+George&qf=title_text+tag_list_text+author_text&wt=ruby&fq=type:Book&defType=dismax&rows=30} hits=0 status=0 QTime=9 
Mar 21, 2013 3:09:20 PM org.apache.solr.core.SolrCore execute
INFO: [] webapp=/solr path=/select params={fl=*+score&start=0&q=science+fiction+AND+george&qf=title_text+tag_list_text+author_text&wt=ruby&fq=type:Book&defType=dismax&rows=30} hits=0 status=0 QTime=5 
Mar 22, 2013 1:30:54 PM org.apache.solr.core.SolrCore execute
INFO: [] webapp=/solr path=/select params={fl=*+score&start=0&q=science+fiction&qf=title_text+tag_list_text+author_text&wt=ruby&fq=type:Book&defType=dismax&rows=30} hits=3 status=0 QTime=46 
Mar 22, 2013 1:38:25 PM org.apache.solr.core.SolrCore execute
INFO: [] webapp=/solr path=/select params={wt=ruby&start=0&fq=type:Book&q=*:*&rows=30} hits=9 status=0 QTime=1 
Mar 22, 2013 1:51:16 PM org.apache.solr.core.SolrCore execute
INFO: [] webapp=/solr path=/select params={wt=ruby&start=0&fq=type:Book&q=*:*&rows=30} hits=9 status=0 QTime=1 
Mar 22, 2013 1:51:20 PM org.apache.solr.core.SolrCore execute
INFO: [] webapp=/solr path=/select params={fl=*+score&start=0&q=greatest&qf=title_text+tag_list_text+author_text&wt=ruby&fq=type:Book&defType=dismax&rows=30} hits=1 status=0 QTime=77 
Mar 22, 2013 1:51:46 PM org.apache.solr.core.SolrCore execute
INFO: [] webapp=/solr path=/select params={wt=ruby&start=0&fq=type:Book&q=*:*&rows=30} hits=9 status=0 QTime=1 
Mar 22, 2013 1:52:08 PM org.apache.solr.core.SolrCore execute
INFO: [] webapp=/solr path=/select params={wt=ruby&start=0&fq=type:Book&q=*:*&rows=30} hits=9 status=0 QTime=1 
Mar 22, 2013 1:52:11 PM org.apache.solr.core.SolrCore execute
INFO: [] webapp=/solr path=/select params={wt=ruby&start=0&fq=type:Book&q=*:*&rows=30} hits=9 status=0 QTime=2 
Mar 22, 2013 1:57:18 PM org.apache.solr.core.SolrCore execute
INFO: [] webapp=/solr path=/select params={wt=ruby&start=0&fq=type:Book&q=*:*&rows=30} hits=9 status=0 QTime=1 
Mar 22, 2013 1:58:08 PM org.apache.solr.core.SolrCore execute
INFO: [] webapp=/solr path=/select params={wt=ruby&start=0&fq=type:Book&q=*:*&rows=30} hits=9 status=0 QTime=1 
Mar 22, 2013 1:58:59 PM org.apache.solr.core.SolrCore execute
INFO: [] webapp=/solr path=/select params={wt=ruby&start=0&fq=type:Book&q=*:*&rows=30} hits=9 status=0 QTime=2 
Mar 22, 2013 2:00:14 PM org.apache.solr.core.SolrCore execute
INFO: [] webapp=/solr path=/select params={wt=ruby&start=0&fq=type:Book&q=*:*&rows=30} hits=9 status=0 QTime=1 
Mar 22, 2013 2:00:25 PM org.apache.solr.core.SolrCore execute
INFO: [] webapp=/solr path=/select params={wt=ruby&start=0&fq=type:Book&q=*:*&rows=30} hits=9 status=0 QTime=2 
Mar 22, 2013 2:00:53 PM org.apache.solr.core.SolrCore execute
INFO: [] webapp=/solr path=/select params={wt=ruby&start=0&fq=type:Book&q=*:*&rows=30} hits=9 status=0 QTime=2 
Mar 22, 2013 2:01:06 PM org.apache.solr.core.SolrCore execute
INFO: [] webapp=/solr path=/select params={wt=ruby&start=0&fq=type:Book&q=*:*&rows=30} hits=9 status=0 QTime=1 
Mar 22, 2013 2:01:18 PM org.apache.solr.core.SolrCore execute
INFO: [] webapp=/solr path=/select params={wt=ruby&start=0&fq=type:Book&q=*:*&rows=30} hits=9 status=0 QTime=1 
Mar 22, 2013 2:01:49 PM org.apache.solr.core.SolrCore execute
INFO: [] webapp=/solr path=/select params={wt=ruby&start=0&fq=type:Book&q=*:*&rows=30} hits=9 status=0 QTime=1 
Mar 22, 2013 2:02:13 PM org.apache.solr.core.SolrCore execute
INFO: [] webapp=/solr path=/select params={wt=ruby&start=0&fq=type:Book&q=*:*&rows=30} hits=9 status=0 QTime=1 
Mar 22, 2013 2:05:58 PM org.apache.solr.core.SolrCore execute
INFO: [] webapp=/solr path=/select params={wt=ruby&start=0&fq=type:Book&q=*:*&rows=30} hits=9 status=0 QTime=1 
Mar 22, 2013 2:06:15 PM org.apache.solr.core.SolrCore execute
INFO: [] webapp=/solr path=/select params={wt=ruby&start=0&fq=type:Book&q=*:*&rows=30} hits=9 status=0 QTime=0 
Mar 22, 2013 2:06:29 PM org.apache.solr.core.SolrCore execute
INFO: [] webapp=/solr path=/select params={wt=ruby&start=0&fq=type:Book&q=*:*&rows=30} hits=9 status=0 QTime=2 
Mar 22, 2013 2:06:41 PM org.apache.solr.core.SolrCore execute
INFO: [] webapp=/solr path=/select params={wt=ruby&start=0&fq=type:Book&q=*:*&rows=30} hits=9 status=0 QTime=2 
Mar 22, 2013 2:07:30 PM org.apache.solr.core.SolrCore execute
INFO: [] webapp=/solr path=/select params={wt=ruby&start=0&fq=type:Book&q=*:*&rows=30} hits=9 status=0 QTime=1 
Mar 22, 2013 2:08:28 PM org.apache.solr.core.SolrCore execute
INFO: [] webapp=/solr path=/select params={wt=ruby&start=0&fq=type:Book&q=*:*&rows=30} hits=9 status=0 QTime=2 
Mar 22, 2013 2:09:35 PM org.apache.solr.core.SolrCore execute
INFO: [] webapp=/solr path=/select params={wt=ruby&start=0&fq=type:Book&q=*:*&rows=30} hits=9 status=0 QTime=2 
Mar 22, 2013 2:19:17 PM org.apache.solr.core.SolrCore execute
INFO: [] webapp=/solr path=/select params={fl=*+score&start=0&q=I&qf=title_text+tag_list_text+author_text&wt=ruby&fq=type:Book&defType=dismax&rows=30} hits=0 status=0 QTime=4 
Mar 22, 2013 2:19:24 PM org.apache.solr.core.SolrCore execute
INFO: [] webapp=/solr path=/select params={fl=*+score&start=0&q=Isaac&qf=title_text+tag_list_text+author_text&wt=ruby&fq=type:Book&defType=dismax&rows=30} hits=1 status=0 QTime=3 
Mar 22, 2013 2:19:26 PM org.apache.solr.core.SolrCore execute
INFO: [] webapp=/solr path=/select params={fl=*+score&start=0&q=Isaa&qf=title_text+tag_list_text+author_text&wt=ruby&fq=type:Book&defType=dismax&rows=30} hits=0 status=0 QTime=3 
Mar 22, 2013 2:19:29 PM org.apache.solr.core.SolrCore execute
INFO: [] webapp=/solr path=/select params={fl=*+score&start=0&q=Isa&qf=title_text+tag_list_text+author_text&wt=ruby&fq=type:Book&defType=dismax&rows=30} hits=0 status=0 QTime=2 
Mar 22, 2013 2:19:32 PM org.apache.solr.core.SolrCore execute
INFO: [] webapp=/solr path=/select params={wt=ruby&start=0&fq=type:Book&q=*:*&rows=30} hits=9 status=0 QTime=1 
Mar 22, 2013 4:07:17 PM org.apache.solr.core.SolrCore execute
INFO: [] webapp=/solr path=/select params={wt=ruby&start=0&fq=type:Book&q=*:*&rows=30} hits=9 status=0 QTime=7 
Mar 22, 2013 4:10:13 PM org.apache.solr.core.SolrCore execute
INFO: [] webapp=/solr path=/select params={wt=ruby&start=0&fq=type:Book&q=*:*&rows=30} hits=9 status=0 QTime=1 
Mar 22, 2013 6:04:39 PM org.apache.solr.core.SolrCore execute
INFO: [] webapp=/solr path=/select params={wt=ruby&start=0&fq=type:Book&q=*:*&rows=30} hits=9 status=0 QTime=3 
Mar 22, 2013 6:04:48 PM org.apache.solr.core.SolrCore execute
INFO: [] webapp=/solr path=/select params={fl=*+score&start=0&q=George+Orwell&qf=title_text+tag_list_text+author_text&wt=ruby&fq=type:Book&defType=dismax&rows=30} hits=1 status=0 QTime=3 
Mar 22, 2013 6:06:43 PM org.apache.solr.core.SolrCore execute
INFO: [] webapp=/solr path=/select params={wt=ruby&start=0&fq=type:Book&q=*:*&rows=30} hits=9 status=0 QTime=2 
Mar 22, 2013 6:06:55 PM org.apache.solr.core.SolrCore execute
INFO: [] webapp=/solr path=/select params={fl=*+score&start=0&q=George+Orwell&qf=title_text+tag_list_text+author_text&wt=ruby&fq=type:Book&defType=dismax&rows=30} hits=1 status=0 QTime=2 
Mar 22, 2013 6:07:12 PM org.apache.solr.core.SolrCore execute
INFO: [] webapp=/solr path=/select params={fl=*+score&start=0&q=george+orwell&qf=title_text+tag_list_text+author_text&wt=ruby&fq=type:Book&defType=dismax&rows=30} hits=1 status=0 QTime=2 
Mar 22, 2013 6:07:57 PM org.apache.solr.core.SolrCore execute
INFO: [] webapp=/solr path=/select params={wt=ruby&start=0&fq=type:Book&q=*:*&rows=30} hits=9 status=0 QTime=1 
Mar 22, 2013 6:08:08 PM org.apache.solr.core.SolrCore execute
INFO: [] webapp=/solr path=/select params={fl=*+score&start=0&q=George+Orwell&qf=title_text+tag_list_text+author_text&wt=ruby&fq=type:Book&defType=dismax&rows=30} hits=1 status=0 QTime=2 
Mar 22, 2013 6:10:56 PM org.apache.solr.core.SolrCore execute
INFO: [] webapp=/solr path=/select params={wt=ruby&start=0&fq=type:Book&q=*:*&rows=30} hits=9 status=0 QTime=3 
Mar 22, 2013 6:11:05 PM org.apache.solr.core.SolrCore execute
INFO: [] webapp=/solr path=/select params={fl=*+score&start=0&q=George+Orwell&qf=title_text+tag_list_text+author_text&wt=ruby&fq=type:Book&defType=dismax&rows=30} hits=1 status=0 QTime=2 
Mar 22, 2013 6:11:39 PM org.apache.solr.core.SolrCore execute
INFO: [] webapp=/solr path=/select params={wt=ruby&start=0&fq=type:Book&q=*:*&rows=30} hits=9 status=0 QTime=1 
Mar 22, 2013 6:11:48 PM org.apache.solr.core.SolrCore execute
INFO: [] webapp=/solr path=/select params={fl=*+score&start=0&q=George+Orwell&qf=title_text+tag_list_text+author_text&wt=ruby&fq=type:Book&defType=dismax&rows=30} hits=1 status=0 QTime=5 
Mar 22, 2013 6:12:43 PM org.apache.solr.core.SolrCore execute
INFO: [] webapp=/solr path=/select params={wt=ruby&start=0&fq=type:Book&q=*:*&rows=30} hits=9 status=0 QTime=1 
Mar 22, 2013 6:12:52 PM org.apache.solr.core.SolrCore execute
INFO: [] webapp=/solr path=/select params={fl=*+score&start=0&q=George+Orwell&qf=title_text+tag_list_text+author_text&wt=ruby&fq=type:Book&defType=dismax&rows=30} hits=1 status=0 QTime=5 
Mar 22, 2013 8:42:14 PM org.apache.solr.core.SolrCore execute
INFO: [] webapp=/solr path=/select params={wt=ruby&start=0&fq=type:Book&q=*:*&rows=30} hits=9 status=0 QTime=3 
Mar 22, 2013 8:43:19 PM org.apache.solr.core.SolrCore execute
INFO: [] webapp=/solr path=/select params={wt=ruby&start=0&fq=type:Book&q=*:*&rows=30} hits=9 status=0 QTime=1 
Mar 22, 2013 8:43:30 PM org.apache.solr.core.SolrCore execute
INFO: [] webapp=/solr path=/select params={fl=*+score&start=0&q=George+Orwell&qf=title_text+tag_list_text+author_text&wt=ruby&fq=type:Book&defType=dismax&rows=30} hits=1 status=0 QTime=15 
Mar 22, 2013 8:43:34 PM org.apache.solr.core.SolrCore execute
INFO: [] webapp=/solr path=/select params={wt=ruby&start=0&fq=type:Book&q=*:*&rows=30} hits=9 status=0 QTime=1 
Mar 22, 2013 8:43:59 PM org.apache.solr.core.SolrCore execute
INFO: [] webapp=/solr path=/select params={wt=ruby&start=0&fq=type:Book&q=*:*&rows=30} hits=9 status=0 QTime=2 
Mar 22, 2013 8:45:56 PM org.apache.solr.core.SolrCore execute
INFO: [] webapp=/solr path=/select params={wt=ruby&start=0&fq=type:Book&q=*:*&rows=30} hits=9 status=0 QTime=2 
Mar 22, 2013 8:46:29 PM org.apache.solr.core.SolrCore execute
INFO: [] webapp=/solr path=/select params={wt=ruby&start=0&fq=type:Book&q=*:*&rows=30} hits=9 status=0 QTime=0 
Mar 22, 2013 8:47:06 PM org.apache.solr.core.SolrCore execute
INFO: [] webapp=/solr path=/select params={wt=ruby&start=0&fq=type:Book&q=*:*&rows=30} hits=9 status=0 QTime=1 
Mar 22, 2013 8:47:15 PM org.apache.solr.core.SolrCore execute
INFO: [] webapp=/solr path=/select params={fl=*+score&start=0&q=George+Orwell&qf=title_text+tag_list_text+author_text&wt=ruby&fq=type:Book&defType=dismax&rows=30} hits=1 status=0 QTime=2 
Mar 22, 2013 8:48:19 PM org.apache.solr.core.SolrCore execute
INFO: [] webapp=/solr path=/select params={wt=ruby&start=0&fq=type:Book&q=*:*&rows=30} hits=9 status=0 QTime=0 
Mar 22, 2013 8:48:34 PM org.apache.solr.core.SolrCore execute
INFO: [] webapp=/solr path=/select params={fl=*+score&start=0&q=George+Orwell&qf=title_text+tag_list_text+author_text&wt=ruby&fq=type:Book&defType=dismax&rows=30} hits=1 status=0 QTime=2 
Mar 22, 2013 8:49:03 PM org.apache.solr.core.SolrCore execute
INFO: [] webapp=/solr path=/select params={wt=ruby&start=0&fq=type:Book&q=*:*&rows=30} hits=9 status=0 QTime=0 
Mar 22, 2013 8:59:38 PM org.apache.solr.core.SolrCore execute
INFO: [] webapp=/solr path=/select params={wt=ruby&start=0&fq=type:Book&q=*:*&rows=30} hits=9 status=0 QTime=2 
Mar 22, 2013 8:59:48 PM org.apache.solr.core.SolrCore execute
INFO: [] webapp=/solr path=/select params={fl=*+score&start=0&q=1984&qf=title_text+tag_list_text+author_text&wt=ruby&fq=type:Book&defType=dismax&rows=30} hits=1 status=0 QTime=1 
Mar 22, 2013 8:59:50 PM org.apache.solr.core.SolrCore execute
INFO: [] webapp=/solr path=/select params={fl=*+score&start=0&q=1984&qf=title_text+tag_list_text+author_text&wt=ruby&fq=type:Book&defType=dismax&rows=30} hits=1 status=0 QTime=1 
Mar 22, 2013 8:59:53 PM org.apache.solr.core.SolrCore execute
INFO: [] webapp=/solr path=/select params={fl=*+score&start=0&q=1984&qf=title_text+tag_list_text+author_text&wt=ruby&fq=type:Book&defType=dismax&rows=30} hits=1 status=0 QTime=3 
Mar 22, 2013 9:00:00 PM org.apache.solr.core.SolrCore execute
INFO: [] webapp=/solr path=/select params={fl=*+score&start=0&q=George+Orwell&qf=title_text+tag_list_text+author_text&wt=ruby&fq=type:Book&defType=dismax&rows=30} hits=1 status=0 QTime=60 
Mar 22, 2013 9:00:00 PM org.apache.solr.core.SolrCore execute
INFO: [] webapp=/solr path=/select params={fl=*+score&start=0&q=George+Orwell&qf=title_text+tag_list_text+author_text&wt=ruby&fq=type:Book&defType=dismax&rows=30} hits=1 status=0 QTime=5 
Mar 22, 2013 9:00:46 PM org.apache.solr.core.SolrCore execute
INFO: [] webapp=/solr path=/select params={wt=ruby&start=0&fq=type:Book&q=*:*&rows=30} hits=9 status=0 QTime=1 
Mar 22, 2013 9:00:52 PM org.apache.solr.core.SolrCore execute
INFO: [] webapp=/solr path=/select params={fl=*+score&start=0&q=George+Orwell&qf=title_text+tag_list_text+author_text&wt=ruby&fq=type:Book&defType=dismax&rows=30} hits=1 status=0 QTime=3 
Mar 22, 2013 9:00:54 PM org.apache.solr.core.SolrCore execute
INFO: [] webapp=/solr path=/select params={fl=*+score&start=0&q=George+Orwell&qf=title_text+tag_list_text+author_text&wt=ruby&fq=type:Book&defType=dismax&rows=30} hits=1 status=0 QTime=4 
Mar 22, 2013 9:03:27 PM org.apache.solr.core.SolrCore execute
INFO: [] webapp=/solr path=/select params={wt=ruby&start=0&fq=type:Book&q=*:*&rows=30} hits=9 status=0 QTime=0 
Mar 22, 2013 9:03:35 PM org.apache.solr.core.SolrCore execute
INFO: [] webapp=/solr path=/select params={fl=*+score&start=0&q=George+Orwell&qf=title_text+tag_list_text+author_text&wt=ruby&fq=type:Book&defType=dismax&rows=30} hits=1 status=0 QTime=3 
